make all --print-data-base --no-builtin-variables --no-builtin-rules --question
# GNU Make 3.81
# Copyright (C) 2006  Free Software Foundation, Inc.
# This is free software; see the source for copying conditions.
# There is NO warranty; not even for MERCHANTABILITY or FITNESS FOR A
# PARTICULAR PURPOSE.

# This program built for i386-apple-darwin11.3.0
 
make: *** No rule to make target `all'.  Stop.
 

# Make data base, printed on Fri Mar  4 09:36:28 2022

# Variables

# automatic
<D = $(patsubst %/,%,$(dir $<))
# automatic
?F = $(notdir $?)
# environment
VSCODE_LOG_NATIVE = false
# automatic
?D = $(patsubst %/,%,$(dir $?))
# automatic
@D = $(patsubst %/,%,$(dir $@))
# automatic
@F = $(notdir $@)
# makefile
CURDIR := /Users/zhangmingwei/Projects/Banana
# makefile
SHELL = /bin/sh
# environment
VSCODE_NLS_CONFIG = {"locale":"zh-cn","availableLanguages":{"*":"zh-cn"},"_languagePackId":"5b383b9d184f7cbe3cfd7572cd7df52b.zh-cn","_translationsConfigFile":"/Users/zhangmingwei/Library/Application Support/Code/clp/5b383b9d184f7cbe3cfd7572cd7df52b.zh-cn/tcf.json","_cacheRoot":"/Users/zhangmingwei/Library/Application Support/Code/clp/5b383b9d184f7cbe3cfd7572cd7df52b.zh-cn","_resolvedLanguagePackCoreLocation":"/Users/zhangmingwei/Library/Application Support/Code/clp/5b383b9d184f7cbe3cfd7572cd7df52b.zh-cn/f80445acd5a3dadef24aa209168452a3d97cc326","_corruptedFile":"/Users/zhangmingwei/Library/Application Support/Code/clp/5b383b9d184f7cbe3cfd7572cd7df52b.zh-cn/corrupted.info","_languagePackSupport":true}
# environment
_ = /usr/bin/make
# makefile (from `Makefile', line 1)
MAKEFILE_LIST :=  Makefile
# environment
VSCODE_VERBOSE_LOGGING = true
# environment
__CFBundleIdentifier = com.microsoft.VSCode
# environment
VSCODE_IPC_HOOK_EXTHOST = /var/folders/39/48g3pfjd4nsdkhxdrjq6ptrm0000gn/T/vscode-ipc-ebd655ea-250d-4f6e-9906-94ef6226acbb.sock
# environment
VSCODE_CWD = /
# environment
PATH = /usr/local/bin:/usr/bin:/bin:/usr/sbin:/sbin:/Library/Apple/usr/bin
# environment
VSCODE_LOG_STACK = false
# environment
ELECTRON_RUN_AS_NODE = 1
# default
.FEATURES := target-specific order-only second-expansion else-if archives jobserver check-symlink
# environment
SSH_AUTH_SOCK = /private/tmp/com.apple.launchd.A2uADDuyyS/Listeners
# automatic
%F = $(notdir $%)
# environment
VSCODE_PIPE_LOGGING = true
# environment
PWD = /Users/zhangmingwei/Projects/Banana
# environment
ORIGINAL_XDG_CURRENT_DESKTOP = undefined
# environment
VSCODE_AMD_ENTRYPOINT = vs/workbench/services/extensions/node/extensionHostProcess
# environment
HOME = /Users/zhangmingwei
# default
MAKEFILEPATH := /Applications/Xcode.app/Contents/Developer/Makefiles
# environment
VSCODE_CODE_CACHE_PATH = /Users/zhangmingwei/Library/Application Support/Code/CachedData/f80445acd5a3dadef24aa209168452a3d97cc326
# environment
LOGNAME = zhangmingwei
# environment
APPLICATION_INSIGHTS_NO_DIAGNOSTIC_CHANNEL = true
# environment
VSCODE_HANDLES_UNCAUGHT_ERRORS = true
# automatic
^D = $(patsubst %/,%,$(dir $^))
# environment
XPC_FLAGS = 0x0
# default
MAKE = $(MAKE_COMMAND)
# default
MAKECMDGOALS := all
# environment
SHLVL = 1
# default
MAKE_VERSION := 3.81
# environment
USER = zhangmingwei
# makefile
.DEFAULT_GOAL := api
# automatic
%D = $(patsubst %/,%,$(dir $%))
# default
MAKE_COMMAND := /Applications/Xcode.app/Contents/Developer/usr/bin/make
# default
.VARIABLES := 
# environment
TMPDIR = /var/folders/39/48g3pfjd4nsdkhxdrjq6ptrm0000gn/T/
# automatic
*F = $(notdir $*)
# environment
VSCODE_IPC_HOOK = /Users/zhangmingwei/Library/Application Support/Code/1.64.2-main.sock
# makefile
MAKEFLAGS = Rrqp
# environment
MFLAGS = -Rrqp
# automatic
*D = $(patsubst %/,%,$(dir $*))
# environment
XPC_SERVICE_NAME = application.com.microsoft.VSCode.224729.224735
# automatic
+D = $(patsubst %/,%,$(dir $+))
# automatic
+F = $(notdir $+)
# environment
__CF_USER_TEXT_ENCODING = 0x1F5:0x19:0x34
# environment
COMMAND_MODE = unix2003
# default
MAKEFILES := 
# automatic
<F = $(notdir $<)
# environment
LC_ALL = C
# automatic
^F = $(notdir $^)
# default
SUFFIXES := 
# default
.INCLUDE_DIRS = /usr/local/include
# environment
MAKELEVEL := 0
# environment
LANG = C
# environment
VSCODE_PID = 2003
# variable set hash-table stats:
# Load=62/1024=6%, Rehash=0, Collisions=1/86=1%

# Pattern-specific Variable Values

# No pattern-specific variable values.

# Directories

# . (device 16777220, inode 1680157): 18 files, no impossibilities.

# 18 files, no impossibilities in 1 directories.

# Implicit Rules

# No implicit rules.

# Files

setup:
#  Implicit rule search has not been done.
#  Modification time never checked.
#  File has not been updated.
#  commands to execute (from `Makefile', line 5):
	sudo python3 ./AdminApi/setup.py install
	sudo python3 ./ClientApi/setup.py install
	sudo python3 ./ServicesApi/setup.py install
	

# Not a target:
all:
#  Command-line target.
#  Implicit rule search has been done.
#  File does not exist.
#  File has not been updated.
# variable set hash-table stats:
# Load=0/32=0%, Rehash=0, Collisions=0/0=0%

api:
#  Implicit rule search has not been done.
#  Modification time never checked.
#  File has not been updated.
#  commands to execute (from `Makefile', line 2):
	swagger-codegen generate -i ./client.json -l python -o ./ClientApi
	swagger-codegen generate -i ./services.json -l python -o ./ServicesApi
	

# Not a target:
.SUFFIXES:
#  Implicit rule search has not been done.
#  Modification time never checked.
#  File has not been updated.

# Not a target:
Makefile:
#  Implicit rule search has been done.
#  Last modified 2022-03-04 09:30:00
#  File has been updated.
#  Successfully updated.
# variable set hash-table stats:
# Load=0/32=0%, Rehash=0, Collisions=0/0=0%

pytest_admin:
#  Implicit rule search has not been done.
#  Modification time never checked.
#  File has not been updated.
#  commands to execute (from `Makefile', line 16):
	python3 -m pytest -s TestAdmin
	

PTA:
#  Implicit rule search has not been done.
#  Modification time never checked.
#  File has not been updated.
#  commands to execute (from `Makefile', line 10):
	export PYTHONPATH=$$PYTHONPATH:/Users/zhangmingwei/Projects/Banana/AdminApi&&python3 -m pytest -s TestAdmin
	

eA:
#  Implicit rule search has not been done.
#  Modification time never checked.
#  File has not been updated.
#  commands to execute (from `Makefile', line 22):
	export PYTHONPATH=$$PYTHONPATH:/Users/zhangmingwei/Projects/Banana/AdminApi
	

# Not a target:
.DEFAULT:
#  Implicit rule search has not been done.
#  Modification time never checked.
#  File has not been updated.

pytest_services:
#  Implicit rule search has not been done.
#  Modification time never checked.
#  File has not been updated.
#  commands to execute (from `Makefile', line 20):
	python3 -m pytest -s TestServices
	

eC:
#  Implicit rule search has not been done.
#  Modification time never checked.
#  File has not been updated.
#  commands to execute (from `Makefile', line 24):
	export PYTHONPATH=$$PYTHONPATH:/Users/zhangmingwei/Projects/Banana/ClientApi
	

eS:
#  Implicit rule search has not been done.
#  Modification time never checked.
#  File has not been updated.
#  commands to execute (from `Makefile', line 26):
	export PYTHONPATH=$$PYTHONPATH:/Users/zhangmingwei/Projects/Banana/ServicesApi
	

pytest_client:
#  Implicit rule search has not been done.
#  Modification time never checked.
#  File has not been updated.
#  commands to execute (from `Makefile', line 18):
	python3 -m pytest -s TestClient
	

PTC:
#  Implicit rule search has not been done.
#  Modification time never checked.
#  File has not been updated.
#  commands to execute (from `Makefile', line 12):
	export PYTHONPATH=$$PYTHONPATH:/Users/zhangmingwei/Projects/Banana/ClientApi&&python3 -m pytest -s TestClient
	

PTS:
#  Implicit rule search has not been done.
#  Modification time never checked.
#  File has not been updated.
#  commands to execute (from `Makefile', line 14):
	export PYTHONPATH=$$PYTHONPATH:/Users/zhangmingwei/Projects/Banana/ServicesApi&&python3 -m pytest -s TestServices
	

# files hash-table stats:
# Load=15/1024=1%, Rehash=0, Collisions=1/27=4%
# VPATH Search Paths

# No `vpath' search paths.

# No general (`VPATH' variable) search path.

# # of strings in strcache: 1
# # of strcache buffers: 1
# strcache size: total = 4096 / max = 4096 / min = 4096 / avg = 4096
# strcache free: total = 4087 / max = 4087 / min = 4087 / avg = 4087

# Finished Make data base on Fri Mar  4 09:36:28 2022

 
